<?xml version="1.0" encoding="UTF-8"?>
<!-- Generated by org.testng.reporters.JUnitReportReporter -->
<testsuite hostname="sumanth" failures="0" tests="1" name="com.bdd_v2.AppTest" time="0.005" errors="0" timestamp="2024-07-11T23:01:18 IST" skipped="0">
  <testcase classname="com.bdd_v2.AppTest" name="shouldAnswerWithTrue" time="0.005"/>
</testsuite> <!-- com.bdd_v2.AppTest -->
